CRITICAL - 2020-11-01 21:38:36 --> Access denied for user '****'@'localhost' (using password: YES)
#0 C:\Users\USER\Desktop\project\ci4_master\system\Database\BaseConnection.php(377): CodeIgniter\Database\MySQLi\Connection->connect(false)
#1 C:\Users\USER\Desktop\project\ci4_master\system\Database\BaseConnection.php(643): CodeIgniter\Database\BaseConnection->initialize()
#2 C:\Users\USER\Desktop\project\ci4_master\app\Commands\ControlerBasic.php(37): CodeIgniter\Database\BaseConnection->query('SHOW COLUMNS FR...')
#3 C:\Users\USER\Desktop\project\ci4_master\system\CLI\CommandRunner.php(137): App\Commands\ControlerBasic->run(Array)
#4 C:\Users\USER\Desktop\project\ci4_master\system\CLI\CommandRunner.php(110): CodeIgniter\CLI\CommandRunner->runCommand('controller:basi...', Array)
#5 C:\Users\USER\Desktop\project\ci4_master\system\CLI\CommandRunner.php(86): CodeIgniter\CLI\CommandRunner->index(Array)
#6 C:\Users\USER\Desktop\project\ci4_master\system\CodeIgniter.php(906): CodeIgniter\CLI\CommandRunner->_remap('index', 'controller:basi...', 'ppdb', 'id', 'primary')
#7 C:\Users\USER\Desktop\project\ci4_master\system\CodeIgniter.php(398): CodeIgniter\CodeIgniter->runController(Object(CodeIgniter\CLI\CommandRunner))
#8 C:\Users\USER\Desktop\project\ci4_master\system\CodeIgniter.php(306): CodeIgniter\CodeIgniter->handleRequest(NULL, Object(Config\Cache), false)
#9 C:\Users\USER\Desktop\project\ci4_master\system\CLI\Console.php(86): CodeIgniter\CodeIgniter->run()
#10 C:\Users\USER\Desktop\project\ci4_master\spark(57): CodeIgniter\CLI\Console->run()
#11 {main}
CRITICAL - 2020-11-01 22:19:13 --> Undefined variable: form
#0 C:\Users\USER\Desktop\project\ci4_master\app\Views\welcome_message.php(13): CodeIgniter\Debug\Exceptions->errorHandler(8, 'Undefined varia...', 'C:\\Users\\USER\\D...', 13, Array)
#1 C:\Users\USER\Desktop\project\ci4_master\system\View\View.php(236): include('C:\\Users\\USER\\D...')
#2 C:\Users\USER\Desktop\project\ci4_master\system\Common.php(1071): CodeIgniter\View\View->render('welcome_message', Array, true)
#3 C:\Users\USER\Desktop\project\ci4_master\app\Controllers\Home.php(11): view('welcome_message')
#4 C:\Users\USER\Desktop\project\ci4_master\system\CodeIgniter.php(910): App\Controllers\Home->index()
#5 C:\Users\USER\Desktop\project\ci4_master\system\CodeIgniter.php(398): CodeIgniter\CodeIgniter->runController(Object(App\Controllers\Home))
#6 C:\Users\USER\Desktop\project\ci4_master\system\CodeIgniter.php(306): CodeIgniter\CodeIgniter->handleRequest(NULL, Object(Config\Cache), false)
#7 C:\Users\USER\Desktop\project\ci4_master\public\index.php(45): CodeIgniter\CodeIgniter->run()
#8 C:\Users\USER\Desktop\project\ci4_master\system\Commands\Server\rewrite.php(34): require_once('C:\\Users\\USER\\D...')
#9 {main}
CRITICAL - 2020-11-01 22:21:00 --> Call to undefined method CodeIgniter\View\View::form()
#0 C:\Users\USER\Desktop\project\ci4_master\system\View\View.php(236): include()
#1 C:\Users\USER\Desktop\project\ci4_master\system\Common.php(1071): CodeIgniter\View\View->render('welcome_message', Array, true)
#2 C:\Users\USER\Desktop\project\ci4_master\app\Controllers\Home.php(11): view('welcome_message')
#3 C:\Users\USER\Desktop\project\ci4_master\system\CodeIgniter.php(910): App\Controllers\Home->index()
#4 C:\Users\USER\Desktop\project\ci4_master\system\CodeIgniter.php(398): CodeIgniter\CodeIgniter->runController(Object(App\Controllers\Home))
#5 C:\Users\USER\Desktop\project\ci4_master\system\CodeIgniter.php(306): CodeIgniter\CodeIgniter->handleRequest(NULL, Object(Config\Cache), false)
#6 C:\Users\USER\Desktop\project\ci4_master\public\index.php(45): CodeIgniter\CodeIgniter->run()
#7 C:\Users\USER\Desktop\project\ci4_master\system\Commands\Server\rewrite.php(34): require_once('C:\\Users\\USER\\D...')
#8 {main}
CRITICAL - 2020-11-01 22:23:51 --> Call to undefined method CodeIgniter\View\View::form()
#0 C:\Users\USER\Desktop\project\ci4_master\system\View\View.php(236): include()
#1 C:\Users\USER\Desktop\project\ci4_master\system\Common.php(1071): CodeIgniter\View\View->render('welcome_message', Array, true)
#2 C:\Users\USER\Desktop\project\ci4_master\app\Controllers\Home.php(12): view('welcome_message', Array)
#3 C:\Users\USER\Desktop\project\ci4_master\system\CodeIgniter.php(910): App\Controllers\Home->index()
#4 C:\Users\USER\Desktop\project\ci4_master\system\CodeIgniter.php(398): CodeIgniter\CodeIgniter->runController(Object(App\Controllers\Home))
#5 C:\Users\USER\Desktop\project\ci4_master\system\CodeIgniter.php(306): CodeIgniter\CodeIgniter->handleRequest(NULL, Object(Config\Cache), false)
#6 C:\Users\USER\Desktop\project\ci4_master\public\index.php(45): CodeIgniter\CodeIgniter->run()
#7 C:\Users\USER\Desktop\project\ci4_master\system\Commands\Server\rewrite.php(34): require_once('C:\\Users\\USER\\D...')
#8 {main}
CRITICAL - 2020-11-01 22:31:03 --> Table 'sekolah.typestatus' doesn't exist
#0 C:\Users\USER\Desktop\project\ci4_master\system\Database\MySQLi\Connection.php(330): mysqli->query('SELECT DISTINCT...')
#1 C:\Users\USER\Desktop\project\ci4_master\system\Database\BaseConnection.php(738): CodeIgniter\Database\MySQLi\Connection->execute('SELECT DISTINCT...')
#2 C:\Users\USER\Desktop\project\ci4_master\system\Database\BaseConnection.php(666): CodeIgniter\Database\BaseConnection->simpleQuery('SELECT DISTINCT...')
#3 C:\Users\USER\Desktop\project\ci4_master\app\Models\Form.php(443): CodeIgniter\Database\BaseConnection->query('SELECT DISTINCT...')
#4 C:\Users\USER\Desktop\project\ci4_master\app\Views\admin\Status\index.php(82): App\Models\Form::select_db(Array)
#5 C:\Users\USER\Desktop\project\ci4_master\system\View\View.php(236): include('C:\\Users\\USER\\D...')
#6 C:\Users\USER\Desktop\project\ci4_master\system\Common.php(1071): CodeIgniter\View\View->render('admin/Status/in...', Array, true)
#7 C:\Users\USER\Desktop\project\ci4_master\app\Controllers\Status.php(83): view('admin/Status/in...', Array)
#8 C:\Users\USER\Desktop\project\ci4_master\system\CodeIgniter.php(910): App\Controllers\Status->Index()
#9 C:\Users\USER\Desktop\project\ci4_master\system\CodeIgniter.php(398): CodeIgniter\CodeIgniter->runController(Object(App\Controllers\Status))
#10 C:\Users\USER\Desktop\project\ci4_master\system\CodeIgniter.php(306): CodeIgniter\CodeIgniter->handleRequest(NULL, Object(Config\Cache), false)
#11 C:\Users\USER\Desktop\project\ci4_master\public\index.php(45): CodeIgniter\CodeIgniter->run()
#12 C:\Users\USER\Desktop\project\ci4_master\system\Commands\Server\rewrite.php(34): require_once('C:\\Users\\USER\\D...')
#13 {main}
CRITICAL - 2020-11-01 22:35:50 --> Class 'App\Controllers\BaseController' not found
#0 C:\Users\USER\Desktop\project\ci4_master\system\Router\Router.php(549): include_once()
#1 C:\Users\USER\Desktop\project\ci4_master\system\Router\Router.php(192): CodeIgniter\Router\Router->autoRoute('status')
#2 C:\Users\USER\Desktop\project\ci4_master\system\CodeIgniter.php(785): CodeIgniter\Router\Router->handle('status')
#3 C:\Users\USER\Desktop\project\ci4_master\system\CodeIgniter.php(358): CodeIgniter\CodeIgniter->tryToRouteIt(Object(CodeIgniter\Router\RouteCollection))
#4 C:\Users\USER\Desktop\project\ci4_master\system\CodeIgniter.php(306): CodeIgniter\CodeIgniter->handleRequest(NULL, Object(Config\Cache), false)
#5 C:\Users\USER\Desktop\project\ci4_master\public\index.php(45): CodeIgniter\CodeIgniter->run()
#6 C:\Users\USER\Desktop\project\ci4_master\system\Commands\Server\rewrite.php(34): require_once('C:\\Users\\USER\\D...')
#7 {main}
CRITICAL - 2020-11-01 22:48:16 --> syntax error, unexpected '=', expecting ']'
#0 C:\Users\USER\Desktop\project\ci4_master\system\Router\Router.php(192): CodeIgniter\Router\Router->autoRoute('status')
#1 C:\Users\USER\Desktop\project\ci4_master\system\CodeIgniter.php(785): CodeIgniter\Router\Router->handle('status')
#2 C:\Users\USER\Desktop\project\ci4_master\system\CodeIgniter.php(358): CodeIgniter\CodeIgniter->tryToRouteIt(Object(CodeIgniter\Router\RouteCollection))
#3 C:\Users\USER\Desktop\project\ci4_master\system\CodeIgniter.php(306): CodeIgniter\CodeIgniter->handleRequest(NULL, Object(Config\Cache), false)
#4 C:\Users\USER\Desktop\project\ci4_master\public\index.php(45): CodeIgniter\CodeIgniter->run()
#5 C:\Users\USER\Desktop\project\ci4_master\system\Commands\Server\rewrite.php(34): require_once('C:\\Users\\USER\\D...')
#6 {main}
CRITICAL - 2020-11-01 22:50:50 --> Undefined index: db
#0 C:\Users\USER\Desktop\project\ci4_master\app\Models\Form.php(443): CodeIgniter\Debug\Exceptions->errorHandler(8, 'Undefined index...', 'C:\\Users\\USER\\D...', 443, Array)
#1 C:\Users\USER\Desktop\project\ci4_master\app\Views\welcome_message.php(24): App\Models\Form::select_db(Array)
#2 C:\Users\USER\Desktop\project\ci4_master\system\View\View.php(236): include('C:\\Users\\USER\\D...')
#3 C:\Users\USER\Desktop\project\ci4_master\system\Common.php(1071): CodeIgniter\View\View->render('welcome_message', Array, true)
#4 C:\Users\USER\Desktop\project\ci4_master\app\Controllers\Home.php(12): view('welcome_message', Array)
#5 C:\Users\USER\Desktop\project\ci4_master\system\CodeIgniter.php(910): App\Controllers\Home->index()
#6 C:\Users\USER\Desktop\project\ci4_master\system\CodeIgniter.php(398): CodeIgniter\CodeIgniter->runController(Object(App\Controllers\Home))
#7 C:\Users\USER\Desktop\project\ci4_master\system\CodeIgniter.php(306): CodeIgniter\CodeIgniter->handleRequest(NULL, Object(Config\Cache), false)
#8 C:\Users\USER\Desktop\project\ci4_master\public\index.php(45): CodeIgniter\CodeIgniter->run()
#9 C:\Users\USER\Desktop\project\ci4_master\system\Commands\Server\rewrite.php(34): require_once('C:\\Users\\USER\\D...')
#10 {main}
CRITICAL - 2020-11-01 22:51:13 --> Undefined index: db
#0 C:\Users\USER\Desktop\project\ci4_master\app\Models\Form.php(443): CodeIgniter\Debug\Exceptions->errorHandler(8, 'Undefined index...', 'C:\\Users\\USER\\D...', 443, Array)
#1 C:\Users\USER\Desktop\project\ci4_master\app\Views\welcome_message.php(24): App\Models\Form::select_db(Array)
#2 C:\Users\USER\Desktop\project\ci4_master\system\View\View.php(236): include('C:\\Users\\USER\\D...')
#3 C:\Users\USER\Desktop\project\ci4_master\system\Common.php(1071): CodeIgniter\View\View->render('welcome_message', Array, true)
#4 C:\Users\USER\Desktop\project\ci4_master\app\Controllers\Home.php(12): view('welcome_message', Array)
#5 C:\Users\USER\Desktop\project\ci4_master\system\CodeIgniter.php(910): App\Controllers\Home->index()
#6 C:\Users\USER\Desktop\project\ci4_master\system\CodeIgniter.php(398): CodeIgniter\CodeIgniter->runController(Object(App\Controllers\Home))
#7 C:\Users\USER\Desktop\project\ci4_master\system\CodeIgniter.php(306): CodeIgniter\CodeIgniter->handleRequest(NULL, Object(Config\Cache), false)
#8 C:\Users\USER\Desktop\project\ci4_master\public\index.php(45): CodeIgniter\CodeIgniter->run()
#9 C:\Users\USER\Desktop\project\ci4_master\system\Commands\Server\rewrite.php(34): require_once('C:\\Users\\USER\\D...')
#10 {main}
CRITICAL - 2020-11-01 22:51:30 --> Unknown column 'type_status_id' in 'where clause'
#0 C:\Users\USER\Desktop\project\ci4_master\system\Database\MySQLi\Connection.php(330): mysqli->query('SELECT DISTINCT...')
#1 C:\Users\USER\Desktop\project\ci4_master\system\Database\BaseConnection.php(738): CodeIgniter\Database\MySQLi\Connection->execute('SELECT DISTINCT...')
#2 C:\Users\USER\Desktop\project\ci4_master\system\Database\BaseConnection.php(666): CodeIgniter\Database\BaseConnection->simpleQuery('SELECT DISTINCT...')
#3 C:\Users\USER\Desktop\project\ci4_master\app\Models\Form.php(443): CodeIgniter\Database\BaseConnection->query('SELECT DISTINCT...')
#4 C:\Users\USER\Desktop\project\ci4_master\app\Views\welcome_message.php(24): App\Models\Form::select_db(Array)
#5 C:\Users\USER\Desktop\project\ci4_master\system\View\View.php(236): include('C:\\Users\\USER\\D...')
#6 C:\Users\USER\Desktop\project\ci4_master\system\Common.php(1071): CodeIgniter\View\View->render('welcome_message', Array, true)
#7 C:\Users\USER\Desktop\project\ci4_master\app\Controllers\Home.php(12): view('welcome_message', Array)
#8 C:\Users\USER\Desktop\project\ci4_master\system\CodeIgniter.php(910): App\Controllers\Home->index()
#9 C:\Users\USER\Desktop\project\ci4_master\system\CodeIgniter.php(398): CodeIgniter\CodeIgniter->runController(Object(App\Controllers\Home))
#10 C:\Users\USER\Desktop\project\ci4_master\system\CodeIgniter.php(306): CodeIgniter\CodeIgniter->handleRequest(NULL, Object(Config\Cache), false)
#11 C:\Users\USER\Desktop\project\ci4_master\public\index.php(45): CodeIgniter\CodeIgniter->run()
#12 C:\Users\USER\Desktop\project\ci4_master\system\Commands\Server\rewrite.php(34): require_once('C:\\Users\\USER\\D...')
#13 {main}
CRITICAL - 2020-11-01 22:54:33 --> Unknown column 'type_status_id' in 'where clause'
#0 C:\Users\USER\Desktop\project\ci4_master\system\Database\MySQLi\Connection.php(330): mysqli->query('SELECT DISTINCT...')
#1 C:\Users\USER\Desktop\project\ci4_master\system\Database\BaseConnection.php(738): CodeIgniter\Database\MySQLi\Connection->execute('SELECT DISTINCT...')
#2 C:\Users\USER\Desktop\project\ci4_master\system\Database\BaseConnection.php(666): CodeIgniter\Database\BaseConnection->simpleQuery('SELECT DISTINCT...')
#3 C:\Users\USER\Desktop\project\ci4_master\app\Models\Form.php(443): CodeIgniter\Database\BaseConnection->query('SELECT DISTINCT...')
#4 C:\Users\USER\Desktop\project\ci4_master\app\Views\welcome_message.php(24): App\Models\Form::select_db(Array)
#5 C:\Users\USER\Desktop\project\ci4_master\system\View\View.php(236): include('C:\\Users\\USER\\D...')
#6 C:\Users\USER\Desktop\project\ci4_master\system\Common.php(1071): CodeIgniter\View\View->render('welcome_message', Array, true)
#7 C:\Users\USER\Desktop\project\ci4_master\app\Controllers\Home.php(12): view('welcome_message', Array)
#8 C:\Users\USER\Desktop\project\ci4_master\system\CodeIgniter.php(910): App\Controllers\Home->index()
#9 C:\Users\USER\Desktop\project\ci4_master\system\CodeIgniter.php(398): CodeIgniter\CodeIgniter->runController(Object(App\Controllers\Home))
#10 C:\Users\USER\Desktop\project\ci4_master\system\CodeIgniter.php(306): CodeIgniter\CodeIgniter->handleRequest(NULL, Object(Config\Cache), false)
#11 C:\Users\USER\Desktop\project\ci4_master\public\index.php(45): CodeIgniter\CodeIgniter->run()
#12 C:\Users\USER\Desktop\project\ci4_master\system\Commands\Server\rewrite.php(34): require_once('C:\\Users\\USER\\D...')
#13 {main}
